Configuring authenticate-oauth-1.6...
Preprocessing library for authenticate-oauth-1.6..
Building library for authenticate-oauth-1.6..
[1 of 2] Compiling Web.Authenticate.OAuth ( Web/Authenticate/OAuth.hs, .stack-work/dist/x86_64-linux/Cabal-2.4.0.1/build/Web/Authenticate/OAuth.o )

[;1mWeb/Authenticate/OAuth.hs:399:24: [;1m[35mwarning:[0m[0m[;1m [[;1m[35m-Wdeprecations[0m[0m[;1m][0m[0m[;1m
    In the use of ‘parseUrl’
    (imported from Network.HTTP.Client, but defined in http-client-0.5.14:Network.HTTP.Client.Request):
    Deprecated: "Please use parseUrlThrow, parseRequest, or parseRequest_ instead"[0m[0m
[;1m[34m    |[0m[0m
[;1m[34m399 |[0m[0m   let req = fromJust $ [;1m[35mparseUrl[0m[0m $ oauthRequestUri oa
[;1m[34m    |[0m[0m[;1m[35m                        ^^^^^^^^[0m[0m
[0m[0m[0m
[;1mWeb/Authenticate/OAuth.hs:486:34: [;1m[35mwarning:[0m[0m[;1m [[;1m[35m-Wdeprecations[0m[0m[;1m][0m[0m[;1m
    In the use of ‘parseUrl’
    (imported from Network.HTTP.Client, but defined in http-client-0.5.14:Network.HTTP.Client.Request):
    Deprecated: "Please use parseUrlThrow, parseRequest, or parseRequest_ instead"[0m[0m
[;1m[34m    |[0m[0m
[;1m[34m486 |[0m[0m       let req = hook (fromJust $ [;1m[35mparseUrl[0m[0m $ oauthAccessTokenUri oa) { method = "POST" }
[;1m[34m    |[0m[0m[;1m[35m                                  ^^^^^^^^[0m[0m
[0m[0m[0m[2 of 2] Compiling Web.Authenticate.OAuth.IO ( Web/Authenticate/OAuth/IO.hs, .stack-work/dist/x86_64-linux/Cabal-2.4.0.1/build/Web/Authenticate/OAuth/IO.o )

[;1mWeb/Authenticate/OAuth/IO.hs:35:35: [;1m[35mwarning:[0m[0m[;1m [[;1m[35m-Wdeprecations[0m[0m[;1m][0m[0m[;1m
    In the use of ‘withManager’
    (imported from Network.HTTP.Client, but defined in http-client-0.5.14:Network.HTTP.Client.Manager):
    Deprecated: "Use newManager instead"[0m[0m
[;1m[34m   |[0m[0m
[;1m[34m35 |[0m[0m getTemporaryCredential = liftIO . [;1m[35mwithManager[0m[0m defaultManagerSettings . OA.getTemporaryCredential
[;1m[34m   |[0m[0m[;1m[35m                                   ^^^^^^^^^^^[0m[0m
[0m[0m[0m
[;1mWeb/Authenticate/OAuth/IO.hs:43:12: [;1m[35mwarning:[0m[0m[;1m [[;1m[35m-Wdeprecations[0m[0m[;1m][0m[0m[;1m
    In the use of ‘withManager’
    (imported from Network.HTTP.Client, but defined in http-client-0.5.14:Network.HTTP.Client.Manager):
    Deprecated: "Use newManager instead"[0m[0m
[;1m[34m   |[0m[0m
[;1m[34m43 |[0m[0m   liftIO $ [;1m[35mwithManager[0m[0m defaultManagerSettings $ OA.getTemporaryCredentialWithScope bs oa
[;1m[34m   |[0m[0m[;1m[35m            ^^^^^^^^^^^[0m[0m
[0m[0m[0m
[;1mWeb/Authenticate/OAuth/IO.hs:51:45: [;1m[35mwarning:[0m[0m[;1m [[;1m[35m-Wdeprecations[0m[0m[;1m][0m[0m[;1m
    In the use of ‘withManager’
    (imported from Network.HTTP.Client, but defined in http-client-0.5.14:Network.HTTP.Client.Manager):
    Deprecated: "Use newManager instead"[0m[0m
[;1m[34m   |[0m[0m
[;1m[34m51 |[0m[0m getTemporaryCredentialProxy p oa = liftIO $ [;1m[35mwithManager[0m[0m defaultManagerSettings $ OA.getTemporaryCredential' (addMaybeProxy p) oa
[;1m[34m   |[0m[0m[;1m[35m                                             ^^^^^^^^^^^[0m[0m
[0m[0m[0m
[;1mWeb/Authenticate/OAuth/IO.hs:57:44: [;1m[35mwarning:[0m[0m[;1m [[;1m[35m-Wdeprecations[0m[0m[;1m][0m[0m[;1m
    In the use of ‘withManager’
    (imported from Network.HTTP.Client, but defined in http-client-0.5.14:Network.HTTP.Client.Manager):
    Deprecated: "Use newManager instead"[0m[0m
[;1m[34m   |[0m[0m
[;1m[34m57 |[0m[0m getTemporaryCredential' hook oa = liftIO $ [;1m[35mwithManager[0m[0m defaultManagerSettings $ OA.getTemporaryCredential' hook oa
[;1m[34m   |[0m[0m[;1m[35m                                            ^^^^^^^^^^^[0m[0m
[0m[0m[0m
[;1mWeb/Authenticate/OAuth/IO.hs:66:33: [;1m[35mwarning:[0m[0m[;1m [[;1m[35m-Wdeprecations[0m[0m[;1m][0m[0m[;1m
    In the use of ‘withManager’
    (imported from Network.HTTP.Client, but defined in http-client-0.5.14:Network.HTTP.Client.Manager):
    Deprecated: "Use newManager instead"[0m[0m
[;1m[34m   |[0m[0m
[;1m[34m66 |[0m[0m getAccessToken oa cr = liftIO $ [;1m[35mwithManager[0m[0m defaultManagerSettings $ OA.getAccessToken oa cr
[;1m[34m   |[0m[0m[;1m[35m                                 ^^^^^^^^^^^[0m[0m
[0m[0m[0m
[;1mWeb/Authenticate/OAuth/IO.hs:75:40: [;1m[35mwarning:[0m[0m[;1m [[;1m[35m-Wdeprecations[0m[0m[;1m][0m[0m[;1m
    In the use of ‘withManager’
    (imported from Network.HTTP.Client, but defined in http-client-0.5.14:Network.HTTP.Client.Manager):
    Deprecated: "Use newManager instead"[0m[0m
[;1m[34m   |[0m[0m
[;1m[34m75 |[0m[0m getAccessTokenProxy p oa cr = liftIO $ [;1m[35mwithManager[0m[0m defaultManagerSettings $ OA.getAccessTokenProxy p oa cr
[;1m[34m   |[0m[0m[;1m[35m                                        ^^^^^^^^^^^[0m[0m
[0m[0m[0m
[;1mWeb/Authenticate/OAuth/IO.hs:82:39: [;1m[35mwarning:[0m[0m[;1m [[;1m[35m-Wdeprecations[0m[0m[;1m][0m[0m[;1m
    In the use of ‘withManager’
    (imported from Network.HTTP.Client, but defined in http-client-0.5.14:Network.HTTP.Client.Manager):
    Deprecated: "Use newManager instead"[0m[0m
[;1m[34m   |[0m[0m
[;1m[34m82 |[0m[0m getAccessToken' hook oa cr = liftIO $ [;1m[35mwithManager[0m[0m defaultManagerSettings $ OA.getAccessToken' hook oa cr
[;1m[34m   |[0m[0m[;1m[35m                                       ^^^^^^^^^^^[0m[0m
[0m[0m[0mInstalling library in /home/mightymosquito/.stack/snapshots/x86_64-linux/lts-13.3/8.6.3/lib/x86_64-linux-ghc-8.6.3/authenticate-oauth-1.6-Cr7Ft10aA2k65e7sKK0dPC
Registering library for authenticate-oauth-1.6..
